<?xml version="1.0"?><coverage lines-covered="3776" lines-valid="7893" line-rate="0.478398581021158" branches-covered="0" branches-valid="0" branch-rate="0" complexity="0" version="1.9" timestamp="1772269226"><sources><source>/Users/m/Manuel-Sun/Development/Github/ZAAI-com/git-same</source></sources><packages><package name="src/tui/widgets" line-rate="0.8979591836734694" branch-rate="0" complexity="0"><classes><class name="repo_table" filename="src/tui/widgets/repo_table.rs" line-rate="1" branch-rate="0" complexity="0"><methods/><lines><line number="13" hits="1"/><line number="20" hits="5"/><line number="22" hits="1"/><line number="23" hits="2"/><line number="24" hits="1"/><line number="28" hits="3"/><line number="31" hits="3"/><line number="32" hits="4"/><line number="33" hits="1"/><line number="34" hits="2"/><line number="35" hits="1"/><line number="37" hits="1"/><line number="40" hits="4"/><line number="41" hits="1"/><line number="43" hits="1"/><line number="46" hits="4"/><line number="47" hits="4"/><line number="48" hits="4"/><line number="49" hits="4"/><line number="51" hits="4"/><line number="55" hits="2"/><line number="56" hits="2"/><line number="57" hits="1"/><line number="58" hits="1"/><line number="61" hits="7"/><line number="62" hits="1"/><line number="63" hits="2"/><line number="64" hits="1"/><line number="65" hits="4"/><line number="67" hits="4"/></lines></class><class name="repo_table_tests" filename="src/tui/widgets/repo_table_tests.rs" line-rate="1" branch-rate="0" complexity="0"><methods/><lines><line number="5" hits="1"/><line number="6" hits="2"/><line number="7" hits="4"/><line number="9" hits="1"/><line number="10" hits="2"/><line number="11" hits="3"/><line number="12" hits="5"/><line number="16" hits="3"/><line number="17" hits="2"/><line number="18" hits="13"/><line number="19" hits="2412"/><line number="20" hits="4800"/><line number="22" hits="24"/><line number="24" hits="1"/></lines></class><class name="status_bar" filename="src/tui/widgets/status_bar.rs" line-rate="0" branch-rate="0" complexity="0"><methods/><lines><line number="12" hits="0"/><line number="13" hits="0"/><line number="14" hits="0"/><line number="15" hits="0"/><line number="17" hits="0"/></lines></class></classes></package><package name="src/types" line-rate="0.9224137931034483" branch-rate="0" complexity="0"><classes><class name="provider" filename="src/types/provider.rs" line-rate="0.8620689655172413" branch-rate="0" complexity="0"><methods/><lines><line number="34" hits="6"/><line number="35" hits="6"/><line number="36" hits="1"/><line number="37" hits="1"/><line number="38" hits="1"/><line number="39" hits="1"/><line number="40" hits="1"/><line number="41" hits="1"/><line number="46" hits="13"/><line number="47" hits="13"/><line number="48" hits="3"/><line number="49" hits="2"/><line number="50" hits="2"/><line number="51" hits="2"/><line number="52" hits="2"/><line number="53" hits="2"/><line number="58" hits="0"/><line number="59" hits="0"/><line number="60" hits="0"/><line number="61" hits="0"/><line number="62" hits="0"/><line number="63" hits="0"/><line number="64" hits="0"/><line number="65" hits="0"/><line number="70" hits="6"/><line number="71" hits="4"/><line number="72" hits="6"/><line number="78" hits="29"/><line number="79" hits="29"/><line number="80" hits="19"/><line number="81" hits="2"/><line number="82" hits="2"/><line number="83" hits="2"/><line number="84" hits="2"/><line number="85" hits="2"/><line number="90" hits="1"/><line number="91" hits="1"/><line number="92" hits="1"/><line number="93" hits="1"/><line number="94" hits="1"/><line number="95" hits="1"/><line number="96" hits="1"/><line number="97" hits="1"/><line number="103" hits="6"/><line number="104" hits="24"/><line number="111" hits="14"/><line number="112" hits="14"/><line number="113" hits="29"/><line number="114" hits="32"/><line number="115" hits="19"/><line number="116" hits="18"/><line number="117" hits="2"/><line number="119" hits="11"/><line number="120" hits="7"/><line number="121" hits="1"/><line number="122" hits="1"/><line number="123" hits="1"/><line number="124" hits="1"/></lines></class><class name="repo" filename="src/types/repo.rs" line-rate="0.9827586206896551" branch-rate="0" complexity="0"><methods/><lines><line number="23" hits="6"/><line number="25" hits="18"/><line number="67" hits="65"/><line number="69" hits="130"/><line number="70" hits="195"/><line number="71" hits="130"/><line number="72" hits="130"/><line number="73" hits="130"/><line number="74" hits="195"/><line number="84" hits="1"/><line number="85" hits="3"/><line number="90" hits="65"/><line number="94" hits="195"/><line number="111" hits="56"/><line number="113" hits="112"/><line number="119" hits="25"/><line number="120" hits="25"/><line number="124" hits="1"/><line number="125" hits="1"/><line number="144" hits="7"/><line number="145" hits="7"/><line number="149" hits="2"/><line number="150" hits="8"/><line number="154" hits="2"/><line number="155" hits="6"/><line number="159" hits="4"/><line number="160" hits="12"/><line number="164" hits="2"/><line number="165" hits="6"/><line number="169" hits="2"/><line number="170" hits="6"/><line number="171" hits="4"/><line number="172" hits="2"/><line number="199" hits="6"/><line number="200" hits="8"/><line number="204" hits="4"/><line number="205" hits="5"/><line number="209" hits="7"/><line number="210" hits="8"/><line number="214" hits="4"/><line number="215" hits="4"/><line number="216" hits="6"/><line number="217" hits="1"/><line number="222" hits="6"/><line number="223" hits="6"/><line number="224" hits="12"/><line number="225" hits="0"/><line number="243" hits="9"/><line number="244" hits="9"/><line number="248" hits="17"/><line number="249" hits="17"/><line number="250" hits="9"/><line number="251" hits="2"/><line number="252" hits="6"/><line number="257" hits="2"/><line number="258" hits="2"/><line number="262" hits="2"/><line number="263" hits="2"/></lines></class></classes></package><package name="src/infra" line-rate="0" branch-rate="0" complexity="0"><classes></classes></package><package name="src/output/progress" line-rate="0.8529411764705882" branch-rate="0" complexity="0"><classes><class name="clone" filename="src/output/progress/clone.rs" line-rate="0.9393939393939394" branch-rate="0" complexity="0"><methods/><lines><line number="19" hits="1"/><line number="20" hits="2"/><line number="21" hits="5"/><line number="22" hits="3"/><line number="23" hits="2"/><line number="24" hits="3"/><line number="34" hits="1"/><line number="35" hits="2"/><line number="37" hits="2"/><line number="42" hits="3"/><line number="47" hits="1"/><line number="48" hits="2"/><line number="49" hits="2"/><line number="50" hits="5"/><line number="54" hits="1"/><line number="55" hits="2"/><line number="56" hits="1"/><line number="57" hits="0"/><line number="58" hits="0"/><line number="63" hits="1"/><line number="64" hits="2"/><line number="65" hits="1"/><line number="66" hits="3"/><line number="67" hits="1"/><line number="69" hits="2"/><line number="70" hits="2"/><line number="77" hits="1"/><line number="78" hits="2"/><line number="79" hits="1"/><line number="80" hits="3"/><line number="81" hits="1"/><line number="83" hits="2"/><line number="84" hits="2"/></lines></class><class name="clone_tests" filename="src/output/progress/clone_tests.rs" line-rate="1" branch-rate="0" complexity="0"><methods/><lines><line number="4" hits="1"/><line number="5" hits="4"/></lines></class><class name="discovery" filename="src/output/progress/discovery.rs" line-rate="1" branch-rate="0" complexity="0"><methods/><lines><line number="21" hits="1"/><line number="22" hits="2"/><line number="23" hits="4"/><line number="24" hits="3"/><line number="25" hits="2"/><line number="26" hits="3"/><line number="31" hits="2"/><line number="37" hits="1"/><line number="38" hits="3"/><line number="39" hits="3"/><line number="41" hits="2"/><line number="48" hits="1"/><line number="49" hits="2"/><line number="50" hits="2"/><line number="51" hits="1"/><line number="55" hits="1"/><line number="56" hits="2"/><line number="57" hits="2"/><line number="58" hits="4"/><line number="62" hits="1"/><line number="63" hits="3"/><line number="64" hits="3"/><line number="65" hits="3"/><line number="69" hits="3"/><line number="73" hits="1"/><line number="74" hits="2"/><line number="75" hits="1"/><line number="80" hits="1"/><line number="81" hits="3"/><line number="82" hits="3"/><line number="83" hits="1"/><line number="84" hits="2"/><line number="87" hits="1"/><line number="88" hits="1"/><line number="89" hits="3"/><line number="90" hits="3"/></lines></class><class name="styles" filename="src/output/progress/styles.rs" line-rate="1" branch-rate="0" complexity="0"><methods/><lines><line number="7" hits="1"/><line number="8" hits="1"/><line number="9" hits="2"/><line number="15" hits="2"/><line number="16" hits="2"/></lines></class><class name="sync" filename="src/output/progress/sync.rs" line-rate="0.6896551724137931" branch-rate="0" complexity="0"><methods/><lines><line number="24" hits="1"/><line number="25" hits="2"/><line number="26" hits="5"/><line number="27" hits="3"/><line number="28" hits="3"/><line number="29" hits="3"/><line number="35" hits="1"/><line number="40" hits="1"/><line number="41" hits="3"/><line number="42" hits="2"/><line number="44" hits="2"/><line number="50" hits="3"/><line number="55" hits="1"/><line number="56" hits="2"/><line number="57" hits="2"/><line number="58" hits="5"/><line number="62" hits="1"/><line number="69" hits="2"/><line number="70" hits="2"/><line number="71" hits="2"/><line number="73" hits="1"/><line number="74" hits="0"/><line number="75" hits="0"/><line number="77" hits="0"/><line number="79" hits="0"/><line number="80" hits="0"/><line number="82" hits="0"/><line number="83" hits="0"/><line number="84" hits="0"/><line number="90" hits="1"/><line number="97" hits="2"/><line number="98" hits="2"/><line number="99" hits="2"/><line number="101" hits="1"/><line number="102" hits="0"/><line number="103" hits="0"/><line number="104" hits="0"/><line number="105" hits="0"/><line number="107" hits="0"/><line number="109" hits="0"/><line number="110" hits="0"/><line number="112" hits="0"/><line number="113" hits="0"/><line number="114" hits="0"/><line number="120" hits="1"/><line number="121" hits="2"/><line number="122" hits="1"/><line number="123" hits="3"/><line number="124" hits="1"/><line number="126" hits="2"/><line number="127" hits="2"/><line number="134" hits="1"/><line number="135" hits="2"/><line number="136" hits="1"/><line number="137" hits="3"/><line number="138" hits="1"/><line number="140" hits="2"/><line number="141" hits="2"/></lines></class><class name="sync_tests" filename="src/output/progress/sync_tests.rs" line-rate="1" branch-rate="0" complexity="0"><methods/><lines><line number="4" hits="1"/><line number="5" hits="4"/></lines></class></classes></package><package name="src/tui" line-rate="0.19769357495881384" branch-rate="0" complexity="0"><classes><class name="app" filename="src/tui/app.rs" line-rate="0.8928571428571429" branch-rate="0" complexity="0"><methods/><lines><line number="37" hits="2"/><line number="38" hits="2"/><line number="39" hits="4"/><line number="40" hits="0"/><line number="306" hits="32"/><line number="307" hits="128"/><line number="308" hits="8"/><line number="310" hits="72"/><line number="311" hits="48"/><line number="312" hits="48"/><line number="316" hits="6"/><line number="317" hits="6"/><line number="318" hits="8"/><line number="319" hits="13"/><line number="320" hits="2"/><line number="321" hits="2"/><line number="323" hits="2"/><line number="326" hits="4"/><line number="331" hits="64"/><line number="333" hits="57"/><line number="334" hits="50"/><line number="335" hits="75"/><line number="336" hits="25"/><line number="343" hits="32"/><line number="350" hits="32"/><line number="351" hits="32"/><line number="352" hits="32"/><line number="353" hits="32"/><line number="355" hits="32"/><line number="358" hits="32"/><line number="362" hits="32"/><line number="365" hits="32"/><line number="378" hits="64"/><line number="383" hits="32"/><line number="388" hits="32"/><line number="390" hits="32"/><line number="398" hits="1"/><line number="399" hits="3"/><line number="400" hits="2"/><line number="402" hits="3"/><line number="403" hits="3"/><line number="404" hits="1"/><line number="405" hits="2"/><line number="407" hits="2"/><line number="408" hits="2"/><line number="409" hits="2"/><line number="410" hits="2"/><line number="411" hits="1"/><line number="416" hits="0"/><line number="417" hits="0"/><line number="418" hits="0"/><line number="419" hits="0"/><line number="420" hits="0"/><line number="424" hits="3"/><line number="425" hits="9"/><line number="426" hits="3"/></lines></class><class name="backend" filename="src/tui/backend.rs" line-rate="0.6186046511627907" branch-rate="0" complexity="0"><methods/><lines><line number="30" hits="1"/><line number="31" hits="2"/><line number="32" hits="2"/><line number="33" hits="1"/><line number="36" hits="1"/><line number="37" hits="3"/><line number="38" hits="1"/><line number="42" hits="1"/><line number="43" hits="3"/><line number="44" hits="2"/><line number="45" hits="1"/><line number="49" hits="2"/><line number="51" hits="2"/><line number="53" hits="1"/><line number="54" hits="2"/><line number="55" hits="2"/><line number="56" hits="2"/><line number="57" hits="1"/><line number="67" hits="1"/><line number="68" hits="3"/><line number="69" hits="1"/><line number="73" hits="1"/><line number="74" hits="2"/><line number="75" hits="2"/><line number="76" hits="2"/><line number="77" hits="3"/><line number="78" hits="1"/><line number="79" hits="1"/><line number="80" hits="3"/><line number="81" hits="1"/><line number="82" hits="1"/><line number="83" hits="1"/><line number="84" hits="1"/><line number="88" hits="1"/><line number="89" hits="2"/><line number="90" hits="2"/><line number="91" hits="2"/><line number="92" hits="3"/><line number="93" hits="1"/><line number="94" hits="1"/><line number="95" hits="3"/><line number="96" hits="1"/><line number="97" hits="1"/><line number="98" hits="1"/><line number="99" hits="1"/><line number="103" hits="1"/><line number="104" hits="2"/><line number="105" hits="2"/><line number="106" hits="2"/><line number="107" hits="3"/><line number="108" hits="1"/><line number="109" hits="1"/><line number="110" hits="2"/><line number="111" hits="1"/><line number="112" hits="1"/><line number="113" hits="2"/><line number="114" hits="1"/><line number="124" hits="1"/><line number="125" hits="3"/><line number="126" hits="1"/><line number="130" hits="1"/><line number="137" hits="2"/><line number="138" hits="1"/><line number="140" hits="0"/><line number="142" hits="2"/><line number="143" hits="2"/><line number="144" hits="2"/><line number="145" hits="3"/><line number="146" hits="1"/><line number="147" hits="1"/><line number="148" hits="3"/><line number="149" hits="2"/><line number="150" hits="1"/><line number="151" hits="1"/><line number="152" hits="1"/><line number="156" hits="1"/><line number="163" hits="2"/><line number="164" hits="1"/><line number="166" hits="0"/><line number="168" hits="2"/><line number="169" hits="2"/><line number="170" hits="2"/><line number="171" hits="3"/><line number="172" hits="2"/><line number="173" hits="1"/><line number="174" hits="3"/><line number="175" hits="2"/><line number="176" hits="1"/><line number="177" hits="1"/><line number="178" hits="1"/><line number="182" hits="1"/><line number="183" hits="2"/><line number="184" hits="2"/><line number="185" hits="2"/><line number="186" hits="3"/><line number="187" hits="1"/><line number="188" hits="1"/><line number="189" hits="3"/><line number="190" hits="1"/><line number="191" hits="1"/><line number="192" hits="1"/><line number="193" hits="1"/><line number="197" hits="1"/><line number="198" hits="2"/><line number="199" hits="2"/><line number="200" hits="2"/><line number="201" hits="3"/><line number="202" hits="1"/><line number="203" hits="1"/><line number="204" hits="2"/><line number="205" hits="1"/><line number="206" hits="1"/><line number="207" hits="2"/><line number="208" hits="1"/><line number="216" hits="0"/><line number="221" hits="0"/><line number="222" hits="0"/><line number="223" hits="0"/><line number="224" hits="0"/><line number="226" hits="0"/><line number="227" hits="0"/><line number="229" hits="0"/><line number="230" hits="0"/><line number="231" hits="0"/><line number="237" hits="0"/><line number="241" hits="0"/><line number="242" hits="0"/><line number="243" hits="0"/><line number="244" hits="0"/><line number="245" hits="0"/><line number="246" hits="0"/><line number="248" hits="0"/><line number="249" hits="0"/><line number="251" hits="0"/><line number="252" hits="0"/><line number="253" hits="0"/><line number="260" hits="0"/><line number="265" hits="0"/><line number="266" hits="0"/><line number="267" hits="0"/><line number="268" hits="0"/><line number="270" hits="0"/><line number="271" hits="0"/><line number="278" hits="4"/><line number="279" hits="12"/><line number="280" hits="12"/><line number="281" hits="8"/><line number="283" hits="4"/><line number="285" hits="4"/><line number="286" hits="5"/><line number="290" hits="3"/><line number="291" hits="3"/><line number="292" hits="2"/><line number="293" hits="4"/><line number="300" hits="1"/><line number="306" hits="1"/><line number="307" hits="0"/><line number="309" hits="3"/><line number="310" hits="1"/><line number="312" hits="1"/><line number="316" hits="0"/><line number="317" hits="0"/><line number="318" hits="0"/><line number="319" hits="0"/><line number="320" hits="0"/><line number="321" hits="0"/><line number="322" hits="0"/><line number="323" hits="0"/><line number="324" hits="0"/><line number="325" hits="0"/><line number="327" hits="0"/><line number="329" hits="0"/><line number="331" hits="0"/><line number="332" hits="0"/><line number="333" hits="0"/><line number="334" hits="0"/><line number="335" hits="0"/><line number="337" hits="0"/><line number="342" hits="0"/><line number="343" hits="0"/><line number="346" hits="0"/><line number="347" hits="0"/><line number="348" hits="0"/><line number="350" hits="0"/><line number="354" hits="0"/><line number="355" hits="0"/><line number="356" hits="0"/><line number="357" hits="0"/><line number="358" hits="0"/><line number="359" hits="0"/><line number="360" hits="0"/><line number="361" hits="0"/><line number="364" hits="0"/><line number="365" hits="0"/><line number="366" hits="0"/><line number="368" hits="0"/><line number="369" hits="0"/><line number="370" hits="0"/><line number="371" hits="0"/><line number="372" hits="0"/><line number="374" hits="0"/><line number="375" hits="0"/><line number="376" hits="0"/><line number="377" hits="0"/><line number="380" hits="0"/><line number="381" hits="0"/><line number="386" hits="1"/><line number="391" hits="1"/><line number="392" hits="0"/><line number="394" hits="3"/><line number="395" hits="1"/><line number="397" hits="1"/><line number="401" hits="0"/><line number="402" hits="0"/><line number="405" hits="0"/></lines></class><class name="backend_tests" filename="src/tui/backend_tests.rs" line-rate="0.8333333333333334" branch-rate="0" complexity="0"><methods/><lines><line number="13" hits="2"/><line number="14" hits="8"/><line number="17" hits="15"/><line number="18" hits="15"/><line number="19" hits="30"/><line number="20" hits="0"/></lines></class><class name="event" filename="src/tui/event.rs" line-rate="0" branch-rate="0" complexity="0"><methods/><lines><line number="90" hits="0"/><line number="96" hits="0"/><line number="97" hits="0"/><line number="100" hits="0"/><line number="102" hits="0"/><line number="103" hits="0"/><line number="104" hits="0"/><line number="105" hits="0"/><line number="106" hits="0"/><line number="110" hits="0"/><line number="111" hits="0"/><line number="112" hits="0"/><line number="113" hits="0"/><line number="114" hits="0"/><line number="115" hits="0"/><line number="117" hits="0"/><line number="118" hits="0"/><line number="123" hits="0"/><line number="124" hits="0"/><line number="130" hits="0"/></lines></class><class name="event_tests" filename="src/tui/event_tests.rs" line-rate="1" branch-rate="0" complexity="0"><methods/><lines><line number="8" hits="1"/><line number="9" hits="4"/><line number="12" hits="1"/><line number="14" hits="3"/><line number="15" hits="3"/><line number="16" hits="3"/><line number="17" hits="2"/><line number="18" hits="1"/></lines></class><class name="handler" filename="src/tui/handler.rs" line-rate="0.10621761658031088" branch-rate="0" complexity="0"><methods/><lines><line number="21" hits="4"/><line number="22" hits="2"/><line number="23" hits="0"/><line number="24" hits="10"/><line number="26" hits="0"/><line number="27" hits="0"/><line number="38" hits="0"/><line number="39" hits="0"/><line number="42" hits="0"/><line number="45" hits="0"/><line number="46" hits="0"/><line number="47" hits="0"/><line number="49" hits="0"/><line number="51" hits="0"/><line number="52" hits="0"/><line number="53" hits="0"/><line number="54" hits="0"/><line number="55" hits="0"/><line number="57" hits="0"/><line number="62" hits="0"/><line number="63" hits="0"/><line number="64" hits="0"/><line number="66" hits="0"/><line number="67" hits="0"/><line number="68" hits="0"/><line number="69" hits="0"/><line number="70" hits="0"/><line number="71" hits="0"/><line number="72" hits="0"/><line number="73" hits="0"/><line number="74" hits="0"/><line number="75" hits="0"/><line number="76" hits="0"/><line number="77" hits="0"/><line number="79" hits="0"/><line number="80" hits="0"/><line number="81" hits="0"/><line number="85" hits="0"/><line number="86" hits="0"/><line number="87" hits="0"/><line number="89" hits="0"/><line number="90" hits="0"/><line number="91" hits="0"/><line number="93" hits="0"/><line number="94" hits="0"/><line number="95" hits="0"/><line number="98" hits="0"/><line number="99" hits="0"/><line number="100" hits="0"/><line number="106" hits="0"/><line number="107" hits="0"/><line number="108" hits="0"/><line number="110" hits="0"/><line number="111" hits="0"/><line number="112" hits="0"/><line number="113" hits="0"/><line number="114" hits="0"/><line number="115" hits="0"/><line number="116" hits="0"/><line number="117" hits="0"/><line number="118" hits="0"/><line number="119" hits="0"/><line number="120" hits="0"/><line number="121" hits="0"/><line number="123" hits="0"/><line number="124" hits="0"/><line number="128" hits="0"/><line number="129" hits="0"/><line number="131" hits="0"/><line number="132" hits="0"/><line number="133" hits="0"/><line number="134" hits="0"/><line number="135" hits="0"/><line number="136" hits="0"/><line number="137" hits="0"/><line number="138" hits="0"/><line number="139" hits="0"/><line number="141" hits="0"/><line number="142" hits="0"/><line number="145" hits="0"/><line number="149" hits="2"/><line number="151" hits="2"/><line number="154" hits="1"/><line number="155" hits="0"/><line number="156" hits="0"/><line number="157" hits="0"/><line number="158" hits="0"/><line number="160" hits="0"/><line number="161" hits="0"/><line number="163" hits="0"/><line number="164" hits="0"/><line number="166" hits="0"/><line number="167" hits="0"/><line number="169" hits="0"/><line number="171" hits="0"/><line number="175" hits="2"/><line number="176" hits="0"/><line number="177" hits="0"/><line number="180" hits="1"/><line number="181" hits="1"/><line number="182" hits="1"/><line number="186" hits="0"/><line number="187" hits="0"/><line number="188" hits="0"/><line number="191" hits="0"/><line number="193" hits="0"/><line number="194" hits="0"/><line number="195" hits="0"/><line number="196" hits="0"/><line number="199" hits="0"/><line number="200" hits="0"/><line number="201" hits="0"/><line number="204" hits="0"/><line number="205" hits="0"/><line number="207" hits="0"/><line number="208" hits="0"/><line number="212" hits="0"/><line number="214" hits="0"/><line number="215" hits="0"/><line number="216" hits="0"/><line number="217" hits="0"/><line number="221" hits="6"/><line number="222" hits="6"/><line number="223" hits="0"/><line number="226" hits="9"/><line number="228" hits="3"/><line number="229" hits="4"/><line number="231" hits="0"/><line number="232" hits="0"/><line number="233" hits="0"/><line number="234" hits="0"/><line number="235" hits="0"/><line number="236" hits="0"/><line number="237" hits="0"/><line number="238" hits="0"/><line number="239" hits="0"/><line number="242" hits="0"/><line number="243" hits="0"/><line number="244" hits="0"/><line number="245" hits="0"/><line number="246" hits="0"/><line number="247" hits="0"/><line number="250" hits="0"/><line number="251" hits="0"/><line number="252" hits="0"/><line number="255" hits="4"/><line number="256" hits="5"/><line number="257" hits="1"/><line number="259" hits="1"/><line number="267" hits="0"/><line number="268" hits="0"/><line number="269" hits="0"/><line number="270" hits="0"/><line number="271" hits="0"/><line number="273" hits="0"/><line number="274" hits="0"/><line number="276" hits="0"/><line number="279" hits="2"/><line number="284" hits="2"/><line number="285" hits="0"/><line number="286" hits="0"/><line number="287" hits="0"/><line number="288" hits="0"/><line number="291" hits="0"/><line number="292" hits="0"/><line number="293" hits="0"/><line number="294" hits="0"/><line number="297" hits="0"/><line number="298" hits="0"/><line number="299" hits="0"/><line number="301" hits="0"/><line number="303" hits="0"/><line number="304" hits="0"/><line number="305" hits="0"/><line number="306" hits="0"/><line number="307" hits="0"/><line number="309" hits="0"/><line number="311" hits="0"/><line number="312" hits="0"/><line number="313" hits="0"/><line number="314" hits="0"/><line number="315" hits="0"/><line number="317" hits="0"/><line number="318" hits="0"/><line number="319" hits="0"/><line number="321" hits="1"/><line number="322" hits="2"/><line number="323" hits="1"/><line number="324" hits="2"/><line number="325" hits="3"/><line number="326" hits="2"/><line number="327" hits="2"/><line number="328" hits="1"/><line number="332" hits="0"/><line number="333" hits="0"/><line number="334" hits="0"/><line number="335" hits="0"/><line number="336" hits="0"/><line number="337" hits="0"/><line number="342" hits="0"/><line number="343" hits="0"/><line number="344" hits="0"/><line number="345" hits="0"/><line number="346" hits="0"/><line number="347" hits="0"/><line number="348" hits="0"/><line number="349" hits="0"/><line number="350" hits="0"/><line number="351" hits="0"/><line number="352" hits="0"/><line number="353" hits="0"/><line number="354" hits="0"/><line number="355" hits="0"/><line number="356" hits="0"/><line number="357" hits="0"/><line number="358" hits="0"/><line number="359" hits="0"/><line number="360" hits="0"/><line number="361" hits="0"/><line number="362" hits="0"/><line number="363" hits="0"/><line number="364" hits="0"/><line number="365" hits="0"/><line number="366" hits="0"/><line number="367" hits="0"/><line number="368" hits="0"/><line number="369" hits="0"/><line number="370" hits="0"/><line number="373" hits="0"/><line number="375" hits="0"/><line number="377" hits="0"/><line number="379" hits="0"/><line number="383" hits="0"/><line number="384" hits="0"/><line number="385" hits="0"/><line number="386" hits="0"/><line number="387" hits="0"/><line number="388" hits="0"/><line number="389" hits="0"/><line number="393" hits="0"/><line number="394" hits="0"/><line number="395" hits="0"/><line number="396" hits="0"/><line number="397" hits="0"/><line number="398" hits="0"/><line number="399" hits="0"/><line number="400" hits="0"/><line number="401" hits="0"/><line number="403" hits="0"/><line number="405" hits="0"/><line number="406" hits="0"/><line number="409" hits="0"/><line number="411" hits="0"/><line number="412" hits="0"/><line number="413" hits="0"/><line number="414" hits="0"/><line number="416" hits="0"/><line number="417" hits="0"/><line number="419" hits="0"/><line number="421" hits="0"/><line number="422" hits="0"/><line number="423" hits="0"/><line number="424" hits="0"/><line number="431" hits="0"/><line number="432" hits="0"/><line number="433" hits="0"/><line number="434" hits="0"/><line number="435" hits="0"/><line number="436" hits="0"/><line number="437" hits="0"/><line number="438" hits="0"/><line number="440" hits="0"/><line number="443" hits="0"/><line number="444" hits="0"/><line number="445" hits="0"/><line number="446" hits="0"/><line number="447" hits="0"/><line number="448" hits="0"/><line number="449" hits="0"/><line number="450" hits="0"/><line number="454" hits="0"/><line number="455" hits="0"/><line number="456" hits="0"/><line number="457" hits="0"/><line number="458" hits="0"/><line number="459" hits="0"/><line number="462" hits="0"/><line number="463" hits="0"/><line number="464" hits="0"/><line number="465" hits="0"/><line number="467" hits="0"/><line number="470" hits="0"/><line number="473" hits="0"/><line number="476" hits="0"/><line number="477" hits="0"/><line number="478" hits="0"/><line number="479" hits="0"/><line number="481" hits="0"/><line number="486" hits="0"/><line number="488" hits="0"/><line number="490" hits="0"/><line number="492" hits="0"/><line number="493" hits="0"/><line number="494" hits="0"/><line number="495" hits="0"/><line number="496" hits="0"/><line number="497" hits="0"/><line number="499" hits="0"/><line number="500" hits="0"/><line number="501" hits="0"/><line number="502" hits="0"/><line number="503" hits="0"/><line number="504" hits="0"/><line number="505" hits="0"/><line number="507" hits="0"/><line number="511" hits="0"/><line number="512" hits="0"/><line number="513" hits="0"/><line number="514" hits="0"/><line number="515" hits="0"/><line number="516" hits="0"/><line number="517" hits="0"/><line number="519" hits="0"/><line number="521" hits="0"/><line number="526" hits="0"/><line number="527" hits="0"/><line number="528" hits="0"/><line number="529" hits="0"/><line number="530" hits="0"/><line number="531" hits="0"/><line number="532" hits="0"/><line number="533" hits="0"/><line number="534" hits="0"/><line number="537" hits="0"/><line number="538" hits="0"/><line number="542" hits="0"/><line number="543" hits="0"/><line number="544" hits="0"/><line number="549" hits="0"/><line number="553" hits="0"/><line number="554" hits="0"/><line number="556" hits="0"/><line number="558" hits="0"/><line number="560" hits="0"/><line number="561" hits="0"/><line number="562" hits="0"/><line number="563" hits="0"/><line number="564" hits="0"/><line number="565" hits="0"/><line number="566" hits="0"/><line number="567" hits="0"/><line number="570" hits="0"/><line number="571" hits="0"/><line number="572" hits="0"/><line number="574" hits="0"/><line number="575" hits="0"/><line number="576" hits="0"/><line number="577" hits="0"/><line number="583" hits="0"/><line number="585" hits="0"/><line number="586" hits="0"/><line number="588" hits="0"/><line number="590" hits="0"/><line number="591" hits="0"/><line number="594" hits="0"/><line number="595" hits="0"/><line number="596" hits="0"/><line number="599" hits="1"/><line number="601" hits="3"/><line number="602" hits="1"/><line number="604" hits="2"/><line number="606" hits="2"/><line number="608" hits="1"/><line number="609" hits="2"/><line number="610" hits="1"/><line number="611" hits="2"/><line number="612" hits="2"/><line number="613" hits="1"/><line number="616" hits="3"/><line number="619" hits="0"/><line number="620" hits="0"/><line number="622" hits="0"/><line number="623" hits="0"/><line number="625" hits="0"/><line number="626" hits="0"/><line number="627" hits="0"/></lines></class><class name="mod" filename="src/tui/mod.rs" line-rate="0" branch-rate="0" complexity="0"><methods/><lines><line number="26" hits="0"/><line number="28" hits="0"/><line number="29" hits="0"/><line number="30" hits="0"/><line number="31" hits="0"/><line number="32" hits="0"/><line number="34" hits="0"/><line number="35" hits="0"/><line number="36" hits="0"/><line number="37" hits="0"/><line number="38" hits="0"/><line number="39" hits="0"/><line number="40" hits="0"/><line number="41" hits="0"/><line number="45" hits="0"/><line number="47" hits="0"/><line number="50" hits="0"/><line number="53" hits="0"/><line number="54" hits="0"/><line number="57" hits="0"/><line number="59" hits="0"/><line number="62" hits="0"/><line number="63" hits="0"/><line number="64" hits="0"/><line number="66" hits="0"/><line number="69" hits="0"/><line number="76" hits="0"/><line number="78" hits="0"/><line number="79" hits="0"/><line number="80" hits="0"/><line number="83" hits="0"/><line number="84" hits="0"/><line number="87" hits="0"/></lines></class><class name="ui" filename="src/tui/ui.rs" line-rate="0" branch-rate="0" complexity="0"><methods/><lines><line number="8" hits="0"/><line number="9" hits="0"/><line number="11" hits="0"/><line number="12" hits="0"/><line number="15" hits="0"/><line number="16" hits="0"/><line number="17" hits="0"/><line number="18" hits="0"/><line number="19" hits="0"/><line number="21" hits="0"/></lines></class></classes></package><package name="src/workflows" line-rate="0.21428571428571427" branch-rate="0" complexity="0"><classes><class name="status_scan" filename="src/workflows/status_scan.rs" line-rate="0.3170731707317073" branch-rate="0" complexity="0"><methods/><lines><line number="10" hits="2"/><line number="11" hits="6"/><line number="12" hits="2"/><line number="13" hits="1"/><line number="16" hits="2"/><line number="17" hits="1"/><line number="19" hits="3"/><line number="21" hits="2"/><line number="22" hits="5"/><line number="23" hits="5"/><line number="25" hits="2"/><line number="26" hits="1"/><line number="27" hits="0"/><line number="28" hits="0"/><line number="29" hits="0"/><line number="30" hits="0"/><line number="31" hits="0"/><line number="32" hits="0"/><line number="33" hits="0"/><line number="34" hits="0"/><line number="35" hits="0"/><line number="37" hits="0"/><line number="39" hits="0"/><line number="40" hits="0"/><line number="41" hits="0"/><line number="42" hits="0"/><line number="43" hits="0"/><line number="44" hits="0"/><line number="46" hits="0"/><line number="47" hits="0"/><line number="48" hits="0"/><line number="49" hits="0"/><line number="50" hits="0"/><line number="51" hits="0"/><line number="52" hits="0"/><line number="53" hits="0"/><line number="54" hits="0"/><line number="55" hits="0"/><line number="56" hits="0"/><line number="57" hits="0"/><line number="62" hits="1"/></lines></class><class name="sync_workspace" filename="src/workflows/sync_workspace.rs" line-rate="0.08029197080291971" branch-rate="0" complexity="0"><methods/><lines><line number="62" hits="0"/><line number="67" hits="0"/><line number="68" hits="0"/><line number="71" hits="0"/><line number="72" hits="0"/><line number="73" hits="0"/><line number="75" hits="0"/><line number="77" hits="0"/><line number="78" hits="0"/><line number="79" hits="0"/><line number="81" hits="0"/><line number="82" hits="0"/><line number="85" hits="0"/><line number="86" hits="0"/><line number="87" hits="0"/><line number="89" hits="0"/><line number="90" hits="0"/><line number="91" hits="0"/><line number="92" hits="0"/><line number="93" hits="0"/><line number="94" hits="0"/><line number="95" hits="0"/><line number="96" hits="0"/><line number="97" hits="0"/><line number="98" hits="0"/><line number="99" hits="0"/><line number="100" hits="0"/><line number="101" hits="0"/><line number="103" hits="0"/><line number="109" hits="0"/><line number="111" hits="0"/><line number="114" hits="0"/><line number="115" hits="0"/><line number="116" hits="0"/><line number="117" hits="0"/><line number="119" hits="0"/><line number="120" hits="0"/><line number="126" hits="0"/><line number="127" hits="0"/><line number="128" hits="0"/><line number="129" hits="0"/><line number="130" hits="0"/><line number="132" hits="0"/><line number="133" hits="0"/><line number="134" hits="0"/><line number="135" hits="0"/><line number="136" hits="0"/><line number="137" hits="0"/><line number="138" hits="0"/><line number="139" hits="0"/><line number="140" hits="0"/><line number="148" hits="0"/><line number="149" hits="0"/><line number="150" hits="0"/><line number="151" hits="0"/><line number="152" hits="0"/><line number="154" hits="0"/><line number="159" hits="0"/><line number="160" hits="0"/><line number="161" hits="0"/><line number="166" hits="0"/><line number="167" hits="0"/><line number="168" hits="0"/><line number="169" hits="0"/><line number="170" hits="0"/><line number="171" hits="0"/><line number="172" hits="0"/><line number="173" hits="0"/><line number="174" hits="0"/><line number="177" hits="0"/><line number="178" hits="0"/><line number="179" hits="0"/><line number="180" hits="0"/><line number="181" hits="0"/><line number="183" hits="0"/><line number="184" hits="0"/><line number="186" hits="0"/><line number="187" hits="0"/><line number="188" hits="0"/><line number="189" hits="0"/><line number="191" hits="0"/><line number="192" hits="0"/><line number="197" hits="0"/><line number="203" hits="0"/><line number="221" hits="0"/><line number="229" hits="0"/><line number="230" hits="0"/><line number="231" hits="0"/><line number="232" hits="0"/><line number="233" hits="0"/><line number="234" hits="0"/><line number="235" hits="0"/><line number="236" hits="0"/><line number="237" hits="0"/><line number="238" hits="0"/><line number="239" hits="0"/><line number="240" hits="0"/><line number="241" hits="0"/><line number="242" hits="0"/><line number="243" hits="0"/><line number="244" hits="0"/><line number="245" hits="0"/><line number="246" hits="0"/><line number="251" hits="2"/><line number="257" hits="2"/><line number="258" hits="1"/><line number="259" hits="2"/><line number="260" hits="1"/><line number="261" hits="1"/><line number="265" hits="2"/><line number="266" hits="2"/><line number="267" hits="2"/><line number="269" hits="1"/><line number="270" hits="0"/><line number="271" hits="0"/><line number="272" hits="0"/><line number="273" hits="0"/><line number="274" hits="0"/><line number="276" hits="0"/><line number="277" hits="0"/><line number="279" hits="0"/><line number="280" hits="0"/><line number="281" hits="0"/><line number="282" hits="0"/><line number="284" hits="0"/><line number="285" hits="0"/><line number="288" hits="1"/><line number="289" hits="0"/><line number="290" hits="0"/><line number="291" hits="0"/><line number="292" hits="0"/><line number="294" hits="0"/><line number="295" hits="0"/><line number="296" hits="0"/><line number="297" hits="0"/><line number="298" hits="0"/><line number="299" hits="0"/></lines></class><class name="sync_workspace_tests" filename="src/workflows/sync_workspace_tests.rs" line-rate="1" branch-rate="0" complexity="0"><methods/><lines><line number="11" hits="2"/><line number="12" hits="8"/><line number="15" hits="2"/><line number="16" hits="4"/><line number="17" hits="4"/><line number="18" hits="3"/><line number="19" hits="3"/><line number="22" hits="4"/><line number="23" hits="4"/><line number="25" hits="1"/><line number="29" hits="6"/><line number="30" hits="4"/><line number="35" hits="6"/><line number="38" hits="4"/><line number="39" hits="6"/><line number="40" hits="6"/><line number="48" hits="2"/><line number="49" hits="2"/></lines></class></classes></package><package name="src/app/tui" line-rate="0" branch-rate="0" complexity="0"><classes></classes></package><package name="src/setup" line-rate="0.7322884012539185" branch-rate="0" complexity="0"><classes><class name="handler" filename="src/setup/handler.rs" line-rate="0.5361305361305362" branch-rate="0" complexity="0"><methods/><lines><line number="14" hits="76"/><line number="16" hits="83"/><line number="17" hits="0"/><line number="18" hits="0"/><line number="19" hits="0"/><line number="21" hits="105"/><line number="22" hits="51"/><line number="23" hits="13"/><line number="30" hits="39"/><line number="31" hits="13"/><line number="33" hits="0"/><line number="36" hits="25"/><line number="37" hits="18"/><line number="38" hits="2"/><line number="40" hits="1"/><line number="41" hits="1"/><line number="42" hits="1"/><line number="44" hits="24"/><line number="45" hits="24"/><line number="46" hits="8"/><line number="47" hits="8"/><line number="48" hits="8"/><line number="50" hits="3"/><line number="51" hits="3"/><line number="52" hits="3"/><line number="54" hits="21"/><line number="55" hits="21"/><line number="56" hits="5"/><line number="58" hits="5"/><line number="60" hits="2"/><line number="61" hits="1"/><line number="64" hits="6"/><line number="65" hits="3"/><line number="67" hits="1"/><line number="71" hits="17"/><line number="72" hits="0"/><line number="73" hits="0"/><line number="74" hits="0"/><line number="75" hits="48"/><line number="76" hits="3"/><line number="77" hits="0"/><line number="78" hits="0"/><line number="82" hits="6"/><line number="83" hits="3"/><line number="85" hits="0"/><line number="86" hits="0"/><line number="90" hits="4"/><line number="91" hits="6"/><line number="92" hits="2"/><line number="95" hits="0"/><line number="97" hits="0"/><line number="98" hits="0"/><line number="100" hits="0"/><line number="101" hits="0"/><line number="103" hits="0"/><line number="106" hits="1"/><line number="108" hits="2"/><line number="109" hits="0"/><line number="110" hits="0"/><line number="111" hits="0"/><line number="113" hits="1"/><line number="117" hits="0"/><line number="118" hits="0"/><line number="119" hits="0"/><line number="120" hits="0"/><line number="122" hits="0"/><line number="124" hits="0"/><line number="126" hits="0"/><line number="127" hits="0"/><line number="128" hits="0"/><line number="130" hits="0"/><line number="131" hits="0"/><line number="134" hits="0"/><line number="135" hits="0"/><line number="140" hits="0"/><line number="141" hits="0"/><line number="143" hits="0"/><line number="144" hits="0"/><line number="147" hits="0"/><line number="148" hits="0"/><line number="150" hits="0"/><line number="154" hits="0"/><line number="155" hits="0"/><line number="157" hits="0"/><line number="158" hits="0"/><line number="162" hits="0"/><line number="163" hits="0"/><line number="167" hits="0"/><line number="168" hits="0"/><line number="169" hits="0"/><line number="172" hits="0"/><line number="173" hits="0"/><line number="175" hits="0"/><line number="179" hits="0"/><line number="180" hits="0"/><line number="182" hits="0"/><line number="185" hits="0"/><line number="186" hits="0"/><line number="188" hits="0"/><line number="189" hits="0"/><line number="191" hits="0"/><line number="194" hits="0"/><line number="195" hits="0"/><line number="197" hits="0"/><line number="201" hits="0"/><line number="202" hits="0"/><line number="203" hits="0"/><line number="204" hits="0"/><line number="205" hits="0"/><line number="206" hits="0"/><line number="207" hits="0"/><line number="208" hits="0"/><line number="210" hits="0"/><line number="211" hits="0"/><line number="216" hits="29"/><line number="217" hits="42"/><line number="218" hits="26"/><line number="219" hits="30"/><line number="220" hits="2"/><line number="222" hits="30"/><line number="226" hits="2"/><line number="227" hits="4"/><line number="228" hits="0"/><line number="230" hits="6"/><line number="231" hits="2"/><line number="235" hits="8"/><line number="236" hits="16"/><line number="237" hits="16"/><line number="238" hits="24"/><line number="239" hits="8"/><line number="240" hits="8"/><line number="243" hits="8"/><line number="244" hits="8"/><line number="245" hits="8"/><line number="246" hits="8"/><line number="249" hits="10"/><line number="250" hits="30"/><line number="251" hits="30"/><line number="253" hits="30"/><line number="254" hits="30"/><line number="257" hits="10"/><line number="260" hits="30"/><line number="261" hits="30"/><line number="262" hits="30"/><line number="264" hits="20"/><line number="265" hits="20"/><line number="266" hits="20"/><line number="267" hits="10"/><line number="270" hits="10"/><line number="271" hits="20"/><line number="272" hits="0"/><line number="274" hits="20"/><line number="276" hits="30"/><line number="277" hits="10"/><line number="278" hits="10"/><line number="282" hits="227"/><line number="283" hits="227"/><line number="284" hits="846"/><line number="285" hits="495"/><line number="286" hits="165"/><line number="287" hits="91"/><line number="289" hits="222"/><line number="290" hits="74"/><line number="292" hits="0"/><line number="296" hits="14"/><line number="300" hits="28"/><line number="301" hits="28"/><line number="303" hits="14"/><line number="304" hits="13"/><line number="305" hits="347"/><line number="306" hits="334"/><line number="307" hits="334"/><line number="308" hits="1002"/><line number="309" hits="334"/><line number="310" hits="73"/><line number="312" hits="783"/><line number="313" hits="261"/><line number="314" hits="34"/><line number="316" hits="681"/><line number="317" hits="454"/><line number="318" hits="681"/><line number="319" hits="454"/><line number="320" hits="227"/><line number="321" hits="227"/><line number="324" hits="0"/><line number="325" hits="0"/><line number="326" hits="0"/><line number="332" hits="2"/><line number="333" hits="3"/><line number="334" hits="1"/><line number="335" hits="2"/><line number="340" hits="5360"/><line number="341" hits="14"/><line number="344" hits="2"/><line number="345" hits="2"/><line number="346" hits="2"/><line number="347" hits="4"/><line number="348" hits="4"/><line number="349" hits="2"/><line number="350" hits="4"/><line number="351" hits="2"/><line number="354" hits="9"/><line number="355" hits="36"/><line number="356" hits="18"/><line number="360" hits="4"/><line number="361" hits="8"/><line number="362" hits="8"/><line number="363" hits="4"/><line number="364" hits="16"/><line number="367" hits="1"/><line number="368" hits="3"/><line number="369" hits="2"/><line number="370" hits="1"/><line number="373" hits="0"/><line number="375" hits="1"/><line number="376" hits="0"/><line number="378" hits="2"/><line number="379" hits="2"/><line number="380" hits="4"/><line number="381" hits="2"/><line number="383" hits="1"/><line number="385" hits="2"/><line number="386" hits="3"/><line number="388" hits="4"/><line number="389" hits="1"/><line number="393" hits="4"/><line number="394" hits="8"/><line number="395" hits="8"/><line number="396" hits="0"/><line number="398" hits="12"/><line number="399" hits="0"/><line number="401" hits="8"/><line number="403" hits="16"/><line number="404" hits="8"/><line number="405" hits="8"/><line number="406" hits="0"/><line number="407" hits="0"/><line number="408" hits="0"/><line number="410" hits="0"/><line number="413" hits="16"/><line number="414" hits="4"/><line number="415" hits="4"/><line number="417" hits="4"/><line number="418" hits="4"/><line number="419" hits="12"/><line number="422" hits="8"/><line number="423" hits="24"/><line number="424" hits="16"/><line number="425" hits="8"/><line number="428" hits="0"/><line number="430" hits="8"/><line number="431" hits="1"/><line number="433" hits="7"/><line number="434" hits="6"/><line number="435" hits="6"/><line number="436" hits="3"/><line number="438" hits="3"/><line number="441" hits="4"/><line number="443" hits="14"/><line number="446" hits="3"/><line number="447" hits="9"/><line number="448" hits="6"/><line number="449" hits="3"/><line number="452" hits="0"/><line number="454" hits="3"/><line number="455" hits="4"/><line number="456" hits="3"/><line number="457" hits="4"/><line number="458" hits="5"/><line number="459" hits="3"/><line number="460" hits="1"/><line number="461" hits="2"/><line number="464" hits="0"/><line number="466" hits="1"/><line number="468" hits="2"/><line number="469" hits="2"/><line number="470" hits="2"/><line number="471" hits="1"/><line number="473" hits="3"/><line number="474" hits="1"/><line number="475" hits="1"/><line number="476" hits="2"/><line number="477" hits="1"/><line number="482" hits="1"/><line number="483" hits="4"/><line number="484" hits="4"/><line number="485" hits="1"/><line number="487" hits="2"/><line number="490" hits="13"/><line number="491" hits="13"/><line number="493" hits="0"/><line number="494" hits="0"/><line number="495" hits="0"/><line number="499" hits="0"/><line number="500" hits="0"/><line number="501" hits="0"/><line number="504" hits="8"/><line number="505" hits="8"/><line number="507" hits="3"/><line number="508" hits="3"/><line number="510" hits="1"/><line number="511" hits="1"/><line number="513" hits="1"/><line number="514" hits="1"/><line number="516" hits="0"/><line number="520" hits="1"/><line number="521" hits="1"/><line number="522" hits="0"/><line number="523" hits="0"/><line number="525" hits="1"/><line number="526" hits="1"/><line number="528" hits="0"/><line number="529" hits="0"/><line number="531" hits="0"/><line number="532" hits="0"/><line number="534" hits="0"/><line number="535" hits="0"/><line number="536" hits="0"/><line number="537" hits="0"/><line number="538" hits="0"/><line number="539" hits="0"/><line number="543" hits="15"/><line number="544" hits="37"/><line number="545" hits="14"/><line number="546" hits="7"/><line number="549" hits="8"/><line number="550" hits="2"/><line number="551" hits="2"/><line number="553" hits="1"/><line number="554" hits="1"/><line number="556" hits="1"/><line number="557" hits="1"/><line number="559" hits="0"/><line number="560" hits="0"/><line number="562" hits="0"/><line number="563" hits="1"/><line number="564" hits="2"/><line number="565" hits="0"/><line number="566" hits="1"/><line number="567" hits="0"/><line number="571" hits="2"/><line number="572" hits="1"/><line number="574" hits="1"/><line number="575" hits="0"/><line number="577" hits="1"/><line number="580" hits="0"/><line number="582" hits="0"/><line number="583" hits="0"/><line number="587" hits="0"/><line number="588" hits="0"/><line number="592" hits="0"/><line number="593" hits="0"/><line number="597" hits="0"/><line number="598" hits="0"/><line number="602" hits="0"/><line number="603" hits="0"/><line number="607" hits="0"/><line number="609" hits="0"/><line number="610" hits="0"/><line number="611" hits="0"/><line number="613" hits="0"/><line number="616" hits="0"/><line number="617" hits="0"/><line number="619" hits="0"/><line number="623" hits="0"/><line number="624" hits="0"/><line number="625" hits="0"/><line number="626" hits="0"/><line number="627" hits="0"/><line number="628" hits="0"/><line number="631" hits="0"/><line number="632" hits="0"/><line number="633" hits="0"/><line number="634" hits="0"/><line number="635" hits="0"/><line number="636" hits="0"/><line number="637" hits="0"/><line number="639" hits="0"/><line number="640" hits="0"/><line number="641" hits="0"/><line number="642" hits="0"/><line number="647" hits="0"/><line number="651" hits="0"/><line number="652" hits="0"/><line number="653" hits="0"/><line number="654" hits="0"/><line number="655" hits="0"/><line number="656" hits="0"/><line number="657" hits="0"/><line number="658" hits="0"/><line number="659" hits="0"/><line number="661" hits="0"/><line number="662" hits="0"/><line number="663" hits="0"/><line number="664" hits="0"/><line number="667" hits="0"/><line number="668" hits="0"/><line number="670" hits="0"/><line number="672" hits="0"/><line number="676" hits="0"/><line number="677" hits="0"/><line number="680" hits="0"/><line number="681" hits="0"/><line number="682" hits="0"/><line number="684" hits="0"/><line number="685" hits="0"/><line number="689" hits="0"/><line number="690" hits="0"/><line number="692" hits="0"/><line number="696" hits="0"/><line number="697" hits="0"/><line number="698" hits="0"/><line number="699" hits="0"/><line number="701" hits="0"/><line number="702" hits="0"/><line number="704" hits="0"/><line number="708" hits="0"/><line number="709" hits="0"/><line number="710" hits="0"/><line number="711" hits="0"/><line number="712" hits="0"/><line number="714" hits="0"/><line number="718" hits="0"/><line number="720" hits="0"/><line number="721" hits="0"/><line number="722" hits="0"/><line number="723" hits="0"/><line number="725" hits="0"/><line number="726" hits="0"/></lines></class><class name="handler_tests" filename="src/setup/handler_tests.rs" line-rate="1" branch-rate="0" complexity="0"><methods/><lines><line number="4" hits="1"/><line number="5" hits="2"/><line number="8" hits="6"/><line number="9" hits="18"/><line number="10" hits="12"/><line number="11" hits="6"/><line number="12" hits="12"/><line number="16" hits="6"/><line number="17" hits="18"/><line number="18" hits="6"/><line number="19" hits="6"/><line number="21" hits="42"/></lines></class><class name="mod" filename="src/setup/mod.rs" line-rate="0.22727272727272727" branch-rate="0" complexity="0"><methods/><lines><line number="28" hits="0"/><line number="29" hits="0"/><line number="30" hits="0"/><line number="31" hits="0"/><line number="32" hits="0"/><line number="39" hits="0"/><line number="40" hits="0"/><line number="41" hits="0"/><line number="42" hits="0"/><line number="44" hits="0"/><line number="45" hits="0"/><line number="51" hits="0"/><line number="56" hits="0"/><line number="57" hits="0"/><line number="58" hits="0"/><line number="59" hits="0"/><line number="60" hits="0"/><line number="63" hits="0"/><line number="66" hits="0"/><line number="67" hits="0"/><line number="68" hits="0"/><line number="69" hits="0"/><line number="73" hits="0"/><line number="74" hits="0"/><line number="76" hits="0"/><line number="78" hits="0"/><line number="81" hits="0"/><line number="86" hits="0"/><line number="90" hits="0"/><line number="91" hits="0"/><line number="92" hits="0"/><line number="93" hits="0"/><line number="97" hits="0"/><line number="99" hits="0"/><line number="101" hits="0"/><line number="102" hits="0"/><line number="103" hits="0"/><line number="104" hits="0"/><line number="107" hits="0"/><line number="108" hits="0"/><line number="112" hits="0"/><line number="115" hits="0"/><line number="116" hits="0"/><line number="117" hits="0"/><line number="118" hits="0"/><line number="119" hits="0"/><line number="121" hits="0"/><line number="124" hits="0"/><line number="129" hits="0"/><line number="130" hits="0"/><line number="133" hits="0"/><line number="136" hits="4"/><line number="137" hits="7"/><line number="138" hits="2"/><line number="141" hits="2"/><line number="142" hits="2"/><line number="143" hits="4"/><line number="144" hits="2"/><line number="145" hits="6"/><line number="146" hits="2"/><line number="149" hits="3"/><line number="153" hits="6"/><line number="154" hits="3"/><line number="157" hits="2"/><line number="158" hits="2"/><line number="159" hits="3"/></lines></class><class name="mod_tests" filename="src/setup/mod_tests.rs" line-rate="1" branch-rate="0" complexity="0"><methods/><lines><line number="3" hits="3"/><line number="5" hits="9"/><line number="7" hits="9"/></lines></class><class name="state" filename="src/setup/state.rs" line-rate="0.9051724137931034" branch-rate="0" complexity="0"><methods/><lines><line number="139" hits="411"/><line number="140" hits="1233"/><line number="141" hits="822"/><line number="142" hits="1233"/><line number="143" hits="1233"/><line number="144" hits="1230"/><line number="145" hits="816"/><line number="146" hits="0"/><line number="148" hits="1224"/><line number="151" hits="6"/><line number="156" hits="56"/><line number="157" hits="112"/><line number="161" hits="67"/><line number="162" hits="134"/><line number="163" hits="67"/><line number="164" hits="134"/><line number="165" hits="67"/><line number="166" hits="67"/><line number="168" hits="67"/><line number="169" hits="134"/><line number="170" hits="67"/><line number="171" hits="67"/><line number="173" hits="67"/><line number="174" hits="134"/><line number="175" hits="67"/><line number="176" hits="67"/><line number="178" hits="67"/><line number="179" hits="134"/><line number="180" hits="67"/><line number="181" hits="67"/><line number="183" hits="67"/><line number="184" hits="134"/><line number="185" hits="67"/><line number="186" hits="67"/><line number="188" hits="67"/><line number="189" hits="134"/><line number="190" hits="67"/><line number="191" hits="67"/><line number="195" hits="201"/><line number="196" hits="201"/><line number="202" hits="134"/><line number="215" hits="134"/><line number="217" hits="134"/><line number="220" hits="134"/><line number="221" hits="134"/><line number="226" hits="134"/><line number="238" hits="5"/><line number="239" hits="5"/><line number="243" hits="0"/><line number="244" hits="0"/><line number="253" hits="5"/><line number="254" hits="5"/><line number="256" hits="5"/><line number="257" hits="15"/><line number="262" hits="3"/><line number="265" hits="9"/><line number="266" hits="9"/><line number="267" hits="3"/><line number="269" hits="3"/><line number="270" hits="3"/><line number="271" hits="3"/><line number="272" hits="6"/><line number="273" hits="6"/><line number="274" hits="3"/><line number="275" hits="3"/><line number="276" hits="6"/><line number="277" hits="6"/><line number="278" hits="6"/><line number="279" hits="3"/><line number="280" hits="3"/><line number="284" hits="3"/><line number="285" hits="3"/><line number="286" hits="2"/><line number="287" hits="2"/><line number="288" hits="2"/><line number="289" hits="2"/><line number="290" hits="2"/><line number="294" hits="9"/><line number="295" hits="9"/><line number="296" hits="1"/><line number="297" hits="1"/><line number="298" hits="1"/><line number="299" hits="1"/><line number="300" hits="3"/><line number="301" hits="1"/><line number="302" hits="1"/><line number="310" hits="10"/><line number="311" hits="20"/><line number="312" hits="10"/><line number="313" hits="2"/><line number="314" hits="3"/><line number="316" hits="0"/><line number="317" hits="0"/><line number="318" hits="0"/><line number="319" hits="0"/><line number="320" hits="0"/><line number="321" hits="0"/><line number="324" hits="2"/><line number="325" hits="1"/><line number="327" hits="2"/><line number="328" hits="1"/><line number="330" hits="1"/><line number="331" hits="1"/><line number="332" hits="1"/><line number="338" hits="6"/><line number="339" hits="12"/><line number="340" hits="6"/><line number="342" hits="1"/><line number="343" hits="1"/><line number="344" hits="1"/><line number="346" hits="1"/><line number="347" hits="1"/><line number="348" hits="1"/><line number="349" hits="2"/><line number="350" hits="0"/><line number="351" hits="0"/></lines></class><class name="ui" filename="src/setup/ui.rs" line-rate="0.6506024096385542" branch-rate="0" complexity="0"><methods/><lines><line number="13" hits="1"/><line number="14" hits="3"/><line number="15" hits="2"/><line number="16" hits="3"/><line number="19" hits="2"/><line number="20" hits="2"/><line number="22" hits="2"/><line number="23" hits="2"/><line number="24" hits="2"/><line number="26" hits="3"/><line number="27" hits="2"/><line number="28" hits="2"/><line number="30" hits="3"/><line number="31" hits="3"/><line number="33" hits="4"/><line number="35" hits="2"/><line number="38" hits="1"/><line number="39" hits="1"/><line number="40" hits="0"/><line number="41" hits="0"/><line number="43" hits="3"/><line number="45" hits="1"/><line number="49" hits="2"/><line number="50" hits="0"/><line number="52" hits="1"/><line number="54" hits="3"/><line number="56" hits="1"/><line number="57" hits="2"/><line number="58" hits="1"/><line number="60" hits="0"/><line number="62" hits="1"/><line number="64" hits="2"/><line number="65" hits="4"/><line number="66" hits="1"/><line number="69" hits="2"/><line number="70" hits="3"/><line number="71" hits="2"/><line number="72" hits="5"/><line number="73" hits="5"/><line number="74" hits="5"/><line number="75" hits="5"/><line number="76" hits="1"/><line number="80" hits="2"/><line number="81" hits="2"/><line number="82" hits="1"/><line number="83" hits="4"/><line number="84" hits="4"/><line number="85" hits="4"/><line number="86" hits="1"/><line number="88" hits="1"/><line number="89" hits="0"/><line number="90" hits="0"/><line number="91" hits="0"/><line number="92" hits="0"/><line number="93" hits="4"/><line number="94" hits="0"/><line number="95" hits="0"/><line number="99" hits="4"/><line number="103" hits="1"/><line number="104" hits="5"/><line number="105" hits="3"/><line number="107" hits="2"/><line number="108" hits="3"/><line number="110" hits="0"/><line number="112" hits="3"/><line number="113" hits="2"/><line number="114" hits="1"/><line number="115" hits="2"/><line number="116" hits="1"/><line number="118" hits="0"/><line number="119" hits="0"/><line number="120" hits="0"/><line number="122" hits="4"/><line number="125" hits="3"/><line number="126" hits="2"/><line number="127" hits="2"/><line number="128" hits="2"/><line number="129" hits="2"/><line number="130" hits="2"/><line number="131" hits="2"/><line number="132" hits="2"/><line number="133" hits="2"/><line number="134" hits="2"/><line number="135" hits="1"/><line number="136" hits="1"/><line number="138" hits="2"/><line number="140" hits="3"/><line number="141" hits="3"/><line number="143" hits="15"/><line number="144" hits="12"/><line number="145" hits="12"/><line number="146" hits="14"/><line number="147" hits="4"/><line number="148" hits="2"/><line number="149" hits="1"/><line number="151" hits="1"/><line number="153" hits="14"/><line number="154" hits="4"/><line number="155" hits="2"/><line number="156" hits="1"/><line number="158" hits="1"/><line number="161" hits="14"/><line number="162" hits="8"/><line number="164" hits="2"/><line number="167" hits="18"/><line number="168" hits="18"/><line number="169" hits="6"/><line number="171" hits="42"/><line number="173" hits="12"/><line number="174" hits="10"/><line number="175" hits="11"/><line number="176" hits="15"/><line number="177" hits="15"/><line number="178" hits="15"/><line number="179" hits="5"/><line number="181" hits="30"/><line number="185" hits="7"/><line number="186" hits="4"/><line number="189" hits="13"/><line number="190" hits="13"/><line number="191" hits="0"/><line number="194" hits="52"/><line number="195" hits="0"/><line number="197" hits="26"/><line number="199" hits="39"/><line number="200" hits="26"/><line number="201" hits="26"/><line number="202" hits="91"/><line number="205" hits="7"/><line number="206" hits="7"/><line number="207" hits="0"/><line number="210" hits="7"/><line number="211" hits="15"/><line number="215" hits="6"/><line number="216" hits="17"/><line number="217" hits="23"/><line number="218" hits="8"/><line number="220" hits="7"/><line number="223" hits="2"/><line number="227" hits="1"/><line number="228" hits="3"/><line number="229" hits="2"/><line number="230" hits="1"/><line number="231" hits="2"/><line number="232" hits="1"/><line number="234" hits="0"/><line number="235" hits="0"/><line number="236" hits="0"/><line number="238" hits="4"/><line number="239" hits="2"/><line number="240" hits="3"/><line number="242" hits="0"/><line number="245" hits="2"/><line number="247" hits="0"/><line number="248" hits="0"/><line number="249" hits="0"/><line number="250" hits="0"/><line number="252" hits="0"/><line number="254" hits="0"/><line number="255" hits="0"/><line number="256" hits="0"/><line number="257" hits="0"/><line number="260" hits="0"/><line number="263" hits="0"/><line number="264" hits="0"/><line number="265" hits="0"/><line number="269" hits="0"/><line number="270" hits="0"/><line number="271" hits="0"/><line number="272" hits="0"/><line number="274" hits="0"/><line number="275" hits="0"/><line number="276" hits="0"/><line number="278" hits="0"/><line number="282" hits="1"/><line number="283" hits="3"/><line number="285" hits="0"/><line number="286" hits="0"/><line number="287" hits="0"/><line number="292" hits="0"/><line number="293" hits="0"/><line number="295" hits="0"/><line number="296" hits="0"/><line number="297" hits="0"/><line number="298" hits="0"/><line number="299" hits="0"/><line number="300" hits="0"/><line number="301" hits="0"/><line number="305" hits="0"/><line number="306" hits="0"/><line number="307" hits="0"/><line number="309" hits="0"/><line number="310" hits="0"/><line number="311" hits="0"/><line number="312" hits="0"/><line number="313" hits="0"/><line number="317" hits="2"/><line number="318" hits="1"/><line number="319" hits="2"/><line number="320" hits="2"/><line number="323" hits="0"/><line number="324" hits="0"/><line number="325" hits="0"/><line number="326" hits="0"/><line number="327" hits="0"/><line number="331" hits="2"/><line number="332" hits="0"/><line number="333" hits="0"/><line number="334" hits="0"/><line number="335" hits="0"/><line number="336" hits="0"/><line number="337" hits="0"/><line number="338" hits="0"/><line number="341" hits="1"/><line number="342" hits="3"/><line number="344" hits="0"/><line number="345" hits="0"/><line number="346" hits="0"/><line number="347" hits="0"/><line number="348" hits="0"/><line number="349" hits="0"/><line number="350" hits="0"/><line number="354" hits="0"/><line number="355" hits="0"/><line number="356" hits="0"/><line number="357" hits="0"/><line number="358" hits="0"/><line number="362" hits="5"/><line number="363" hits="3"/><line number="364" hits="2"/><line number="365" hits="1"/><line number="367" hits="0"/><line number="370" hits="2"/><line number="372" hits="2"/><line number="374" hits="1"/><line number="375" hits="4"/><line number="377" hits="3"/><line number="378" hits="3"/><line number="379" hits="6"/><line number="380" hits="1"/><line number="383" hits="2"/><line number="384" hits="5"/><line number="385" hits="1"/><line number="388" hits="1"/><line number="389" hits="4"/><line number="390" hits="6"/><line number="391" hits="2"/><line number="392" hits="4"/><line number="393" hits="1"/></lines></class><class name="ui_tests" filename="src/setup/ui_tests.rs" line-rate="1" branch-rate="0" complexity="0"><methods/><lines><line number="6" hits="1"/><line number="7" hits="4"/><line number="8" hits="4"/><line number="10" hits="6"/><line number="12" hits="3"/><line number="13" hits="2"/><line number="14" hits="41"/><line number="15" hits="9640"/><line number="16" hits="19200"/><line number="18" hits="80"/><line number="20" hits="1"/></lines></class></classes></package><package name="src/cache" line-rate="0.7475728155339806" branch-rate="0" complexity="0"><classes><class name="discovery" filename="src/cache/discovery.rs" line-rate="0.6857142857142857" branch-rate="0" complexity="0"><methods/><lines><line number="43" hits="7"/><line number="44" hits="21"/><line number="46" hits="17"/><line number="51" hits="39"/><line number="53" hits="21"/><line number="54" hits="7"/><line number="58" hits="7"/><line number="61" hits="0"/><line number="76" hits="7"/><line number="77" hits="7"/><line number="81" hits="5"/><line number="82" hits="15"/><line number="83" hits="5"/><line number="87" hits="5"/><line number="88" hits="0"/><line number="91" hits="10"/><line number="92" hits="10"/><line number="96" hits="1"/><line number="97" hits="3"/><line number="98" hits="1"/><line number="102" hits="3"/><line number="116" hits="0"/><line number="117" hits="0"/><line number="118" hits="0"/><line number="119" hits="0"/><line number="120" hits="0"/><line number="125" hits="5"/><line number="133" hits="2"/><line number="134" hits="2"/><line number="135" hits="2"/><line number="139" hits="4"/><line number="140" hits="4"/><line number="141" hits="1"/><line number="142" hits="1"/><line number="145" hits="6"/><line number="146" hits="6"/><line number="147" hits="0"/><line number="148" hits="0"/><line number="149" hits="0"/><line number="153" hits="0"/><line number="156" hits="9"/><line number="157" hits="6"/><line number="158" hits="0"/><line number="159" hits="0"/><line number="160" hits="0"/><line number="164" hits="0"/><line number="168" hits="3"/><line number="169" hits="0"/><line number="174" hits="0"/><line number="177" hits="9"/><line number="178" hits="2"/><line number="179" hits="0"/><line number="183" hits="2"/><line number="185" hits="1"/><line number="186" hits="1"/><line number="191" hits="3"/><line number="192" hits="6"/><line number="193" hits="9"/><line number="196" hits="12"/><line number="197" hits="12"/><line number="199" hits="3"/><line number="200" hits="0"/><line number="203" hits="0"/><line number="207" hits="3"/><line number="211" hits="1"/><line number="212" hits="1"/><line number="213" hits="3"/><line number="215" hits="1"/><line number="219" hits="0"/><line number="220" hits="0"/></lines></class><class name="discovery_tests" filename="src/cache/discovery_tests.rs" line-rate="1" branch-rate="0" complexity="0"><methods/><lines><line number="6" hits="3"/><line number="8" hits="9"/><line number="9" hits="3"/></lines></class><class name="sync_history" filename="src/cache/sync_history.rs" line-rate="0.84" branch-rate="0" complexity="0"><methods/><lines><line number="27" hits="26"/><line number="28" hits="78"/><line number="29" hits="26"/><line number="33" hits="30"/><line number="34" hits="30"/><line number="35" hits="27"/><line number="37" hits="12"/><line number="38" hits="4"/><line number="39" hits="10"/><line number="40" hits="2"/><line number="41" hits="0"/><line number="46" hits="0"/><line number="48" hits="2"/><line number="52" hits="2"/><line number="53" hits="4"/><line number="54" hits="6"/><line number="56" hits="6"/><line number="59" hits="2"/><line number="67" hits="2"/><line number="68" hits="6"/><line number="69" hits="8"/><line number="70" hits="2"/><line number="71" hits="0"/><line number="72" hits="0"/><line number="75" hits="2"/></lines></class><class name="sync_history_tests" filename="src/cache/sync_history_tests.rs" line-rate="1" branch-rate="0" complexity="0"><methods/><lines><line number="3" hits="78"/><line number="5" hits="234"/><line number="6" hits="156"/><line number="11" hits="78"/><line number="12" hits="78"/></lines></class></classes></package><package name="src/provider/github" line-rate="0.32051282051282054" branch-rate="0" complexity="0"><classes><class name="client" filename="src/provider/github/client.rs" line-rate="0.45901639344262296" branch-rate="0" complexity="0"><methods/><lines><line number="31" hits="7"/><line number="35" hits="21"/><line number="39" hits="7"/><line number="44" hits="14"/><line number="45" hits="28"/><line number="46" hits="14"/><line number="47" hits="7"/><line number="48" hits="7"/><line number="50" hits="14"/><line number="52" hits="7"/><line number="55" hits="14"/><line number="56" hits="14"/><line number="57" hits="21"/><line number="59" hits="7"/><line number="61" hits="7"/><line number="62" hits="14"/><line number="63" hits="14"/><line number="64" hits="7"/><line number="69" hits="2"/><line number="70" hits="2"/><line number="74" hits="0"/><line number="75" hits="0"/><line number="77" hits="0"/><line number="78" hits="0"/><line number="79" hits="0"/><line number="80" hits="0"/><line number="82" hits="0"/><line number="83" hits="0"/><line number="85" hits="0"/><line number="86" hits="0"/><line number="88" hits="0"/><line number="89" hits="0"/><line number="90" hits="0"/><line number="91" hits="0"/><line number="94" hits="0"/><line number="96" hits="0"/><line number="97" hits="0"/><line number="101" hits="0"/><line number="105" hits="0"/><line number="109" hits="6"/><line number="110" hits="6"/><line number="116" hits="4"/><line number="117" hits="8"/><line number="118" hits="3"/><line number="120" hits="1"/><line number="124" hits="1"/><line number="125" hits="1"/><line number="128" hits="0"/><line number="134" hits="0"/><line number="145" hits="0"/><line number="150" hits="0"/><line number="155" hits="0"/><line number="160" hits="0"/><line number="200" hits="0"/><line number="218" hits="0"/><line number="243" hits="0"/><line number="244" hits="0"/><line number="263" hits="0"/><line number="264" hits="0"/><line number="265" hits="0"/><line number="267" hits="0"/></lines></class><class name="client_tests" filename="src/provider/github/client_tests.rs" line-rate="0.3333333333333333" branch-rate="0" complexity="0"><methods/><lines><line number="3" hits="3"/><line number="4" hits="3"/><line number="7" hits="0"/><line number="8" hits="0"/><line number="9" hits="0"/><line number="11" hits="0"/></lines></class><class name="pagination" filename="src/provider/github/pagination.rs" line-rate="0.2247191011235955" branch-rate="0" complexity="0"><methods/><lines><line number="26" hits="6"/><line number="27" hits="20"/><line number="28" hits="40"/><line number="29" hits="8"/><line number="30" hits="18"/><line number="31" hits="6"/><line number="32" hits="6"/><line number="34" hits="8"/><line number="35" hits="4"/><line number="40" hits="4"/><line number="44" hits="3"/><line number="45" hits="4"/><line number="46" hits="2"/><line number="47" hits="4"/><line number="48" hits="3"/><line number="49" hits="2"/><line number="50" hits="1"/><line number="51" hits="1"/><line number="53" hits="3"/><line number="57" hits="0"/><line number="58" hits="0"/><line number="60" hits="0"/><line number="64" hits="4"/><line number="68" hits="0"/><line number="69" hits="0"/><line number="70" hits="0"/><line number="72" hits="0"/><line number="73" hits="0"/><line number="76" hits="0"/><line number="87" hits="0"/><line number="92" hits="0"/><line number="93" hits="0"/><line number="94" hits="0"/><line number="95" hits="0"/><line number="96" hits="0"/><line number="99" hits="0"/><line number="101" hits="0"/><line number="102" hits="0"/><line number="103" hits="0"/><line number="105" hits="0"/><line number="106" hits="0"/><line number="107" hits="0"/><line number="108" hits="0"/><line number="109" hits="0"/><line number="110" hits="0"/><line number="112" hits="0"/><line number="113" hits="0"/><line number="114" hits="0"/><line number="115" hits="0"/><line number="116" hits="0"/><line number="117" hits="0"/><line number="119" hits="0"/><line number="122" hits="0"/><line number="125" hits="0"/><line number="126" hits="0"/><line number="127" hits="0"/><line number="128" hits="0"/><line number="131" hits="0"/><line number="135" hits="0"/><line number="136" hits="0"/><line number="137" hits="0"/><line number="139" hits="0"/><line number="140" hits="0"/><line number="141" hits="0"/><line number="145" hits="0"/><line number="146" hits="0"/><line number="153" hits="0"/><line number="154" hits="0"/><line number="155" hits="0"/><line number="156" hits="0"/><line number="157" hits="0"/><line number="160" hits="0"/><line number="161" hits="0"/><line number="162" hits="0"/><line number="166" hits="0"/><line number="169" hits="0"/><line number="170" hits="0"/><line number="173" hits="0"/><line number="175" hits="0"/><line number="176" hits="0"/><line number="178" hits="0"/><line number="182" hits="0"/><line number="185" hits="0"/><line number="187" hits="0"/><line number="188" hits="0"/><line number="189" hits="0"/><line number="190" hits="0"/><line number="191" hits="0"/><line number="196" hits="0"/></lines></class></classes></package><package name="src/commands/support" line-rate="1" branch-rate="0" complexity="0"><classes><class name="concurrency" filename="src/commands/support/concurrency.rs" line-rate="1" branch-rate="0" complexity="0"><methods/><lines><line number="6" hits="3"/><line number="7" hits="3"/><line number="8" hits="3"/><line number="9" hits="1"/><line number="10" hits="1"/><line number="12" hits="1"/><line number="14" hits="2"/></lines></class><class name="concurrency_tests" filename="src/commands/support/concurrency_tests.rs" line-rate="1" branch-rate="0" complexity="0"><methods/><lines><line number="4" hits="3"/><line number="5" hits="6"/></lines></class><class name="workspace" filename="src/commands/support/workspace.rs" line-rate="1" branch-rate="0" complexity="0"><methods/><lines><line number="9" hits="3"/><line number="10" hits="9"/><line number="11" hits="3"/><line number="12" hits="1"/><line number="14" hits="2"/><line number="15" hits="3"/><line number="16" hits="1"/><line number="17" hits="1"/><line number="21" hits="4"/><line number="22" hits="1"/><line number="23" hits="1"/><line number="25" hits="3"/><line number="26" hits="1"/><line number="27" hits="1"/></lines></class></classes></package><package name="src/commands" line-rate="0.4208" branch-rate="0" complexity="0"><classes><class name="init" filename="src/commands/init.rs" line-rate="1" branch-rate="0" complexity="0"><methods/><lines><line number="12" hits="30"/><line number="14" hits="45"/><line number="15" hits="30"/><line number="16" hits="45"/><line number="18" hits="30"/><line number="19" hits="130"/><line number="20" hits="20"/><line number="21" hits="10"/><line number="25" hits="30"/><line number="26" hits="26"/><line number="27" hits="2"/><line number="30" hits="19"/><line number="31" hits="6"/><line number="32" hits="2"/><line number="33" hits="2"/><line number="38" hits="26"/><line number="39" hits="26"/><line number="40" hits="13"/><line number="44" hits="26"/><line number="45" hits="39"/><line number="46" hits="13"/><line number="48" hits="52"/><line number="51" hits="39"/><line number="53" hits="13"/><line number="57" hits="16"/><line number="58" hits="93"/><line number="59" hits="143"/><line number="60" hits="132"/><line number="61" hits="77"/><line number="62" hits="15"/><line number="63" hits="15"/><line number="64" hits="10"/><line number="67" hits="18"/><line number="68" hits="18"/><line number="69" hits="12"/></lines></class><class name="init_tests" filename="src/commands/init_tests.rs" line-rate="1" branch-rate="0" complexity="0"><methods/><lines><line number="5" hits="6"/><line number="6" hits="12"/></lines></class><class name="mod" filename="src/commands/mod.rs" line-rate="0.9583333333333334" branch-rate="0" complexity="0"><methods/><lines><line number="29" hits="25"/><line number="36" hits="75"/><line number="37" hits="25"/><line number="41" hits="35"/><line number="42" hits="30"/><line number="44" hits="16"/><line number="45" hits="3"/><line number="47" hits="18"/><line number="48" hits="16"/><line number="51" hits="10"/><line number="52" hits="0"/><line number="56" hits="30"/><line number="58" hits="9"/><line number="62" hits="5"/><line number="63" hits="10"/><line number="64" hits="30"/><line number="72" hits="10"/><line number="73" hits="20"/><line number="74" hits="24"/><line number="75" hits="2"/><line number="77" hits="10"/><line number="78" hits="1"/><line number="79" hits="1"/><line number="82" hits="18"/></lines></class><class name="reset" filename="src/commands/reset.rs" line-rate="0.3004694835680751" branch-rate="0" complexity="0"><methods/><lines><line number="39" hits="4"/><line number="40" hits="14"/><line number="43" hits="0"/><line number="44" hits="0"/><line number="49" hits="2"/><line number="50" hits="2"/><line number="52" hits="2"/><line number="53" hits="3"/><line number="54" hits="1"/><line number="58" hits="0"/><line number="59" hits="0"/><line number="60" hits="0"/><line number="61" hits="0"/><line number="65" hits="0"/><line number="66" hits="0"/><line number="68" hits="0"/><line number="69" hits="0"/><line number="70" hits="0"/><line number="73" hits="0"/><line number="74" hits="0"/><line number="78" hits="1"/><line number="79" hits="2"/><line number="80" hits="2"/><line number="82" hits="1"/><line number="85" hits="2"/><line number="86" hits="0"/><line number="88" hits="1"/><line number="91" hits="2"/><line number="93" hits="1"/><line number="96" hits="1"/><line number="97" hits="2"/><line number="98" hits="1"/><line number="99" hits="1"/><line number="104" hits="0"/><line number="105" hits="0"/><line number="106" hits="0"/><line number="108" hits="0"/><line number="109" hits="0"/><line number="111" hits="0"/><line number="114" hits="0"/><line number="115" hits="0"/><line num
[...]
r="1041" hits="0"/><line number="1042" hits="0"/><line number="1043" hits="0"/><line number="1044" hits="0"/><line number="1048" hits="0"/><line number="1050" hits="0"/><line number="1051" hits="0"/><line number="1052" hits="0"/><line number="1054" hits="0"/><line number="1055" hits="0"/><line number="1056" hits="0"/><line number="1057" hits="0"/><line number="1058" hits="0"/><line number="1063" hits="0"/><line number="1064" hits="0"/><line number="1065" hits="0"/><line number="1066" hits="0"/><line number="1071" hits="0"/><line number="1074" hits="0"/><line number="1075" hits="0"/><line number="1076" hits="0"/><line number="1077" hits="0"/><line number="1078" hits="0"/><line number="1079" hits="0"/><line number="1080" hits="0"/><line number="1081" hits="0"/><line number="1082" hits="0"/><line number="1086" hits="0"/><line number="1087" hits="0"/><line number="1088" hits="0"/><line number="1089" hits="0"/><line number="1090" hits="0"/><line number="1093" hits="0"/><line number="1094" hits="0"/><line number="1095" hits="0"/><line number="1096" hits="0"/><line number="1097" hits="0"/><line number="1098" hits="0"/><line number="1106" hits="0"/><line number="1107" hits="0"/><line number="1108" hits="0"/><line number="1109" hits="0"/><line number="1110" hits="0"/><line number="1111" hits="0"/><line number="1114" hits="0"/><line number="1116" hits="0"/><line number="1117" hits="0"/><line number="1118" hits="0"/><line number="1119" hits="0"/><line number="1120" hits="0"/><line number="1122" hits="0"/><line number="1129" hits="0"/><line number="1130" hits="0"/><line number="1131" hits="0"/><line number="1133" hits="0"/><line number="1137" hits="0"/><line number="1138" hits="0"/><line number="1142" hits="0"/><line number="1144" hits="0"/><line number="1145" hits="0"/><line number="1146" hits="0"/><line number="1147" hits="0"/><line number="1148" hits="0"/><line number="1149" hits="0"/><line number="1150" hits="0"/><line number="1154" hits="0"/><line number="1155" hits="0"/><line number="1157" hits="0"/><line number="1158" hits="0"/><line number="1159" hits="0"/><line number="1160" hits="0"/><line number="1161" hits="0"/><line number="1162" hits="0"/><line number="1163" hits="0"/><line number="1167" hits="0"/><line number="1168" hits="0"/><line number="1170" hits="0"/><line number="1171" hits="0"/><line number="1172" hits="0"/><line number="1173" hits="0"/><line number="1176" hits="0"/><line number="1177" hits="0"/><line number="1178" hits="0"/><line number="1179" hits="0"/><line number="1181" hits="0"/><line number="1182" hits="0"/><line number="1184" hits="0"/><line number="1186" hits="0"/><line number="1187" hits="0"/><line number="1188" hits="0"/><line number="1190" hits="0"/><line number="1191" hits="0"/><line number="1195" hits="0"/><line number="1196" hits="0"/><line number="1197" hits="0"/><line number="1198" hits="0"/><line number="1199" hits="0"/><line number="1200" hits="0"/><line number="1206" hits="0"/><line number="1207" hits="0"/><line number="1211" hits="0"/><line number="1212" hits="0"/><line number="1213" hits="0"/><line number="1214" hits="0"/><line number="1216" hits="0"/><line number="1219" hits="0"/><line number="1222" hits="0"/><line number="1224" hits="0"/><line number="1225" hits="0"/><line number="1228" hits="0"/><line number="1229" hits="0"/><line number="1230" hits="0"/><line number="1231" hits="0"/><line number="1232" hits="0"/><line number="1234" hits="0"/><line number="1239" hits="0"/><line number="1240" hits="0"/><line number="1241" hits="0"/><line number="1244" hits="0"/><line number="1245" hits="0"/><line number="1247" hits="0"/><line number="1248" hits="0"/><line number="1249" hits="0"/><line number="1251" hits="0"/><line number="1253" hits="0"/><line number="1254" hits="0"/><line number="1257" hits="0"/><line number="1259" hits="0"/><line number="1260" hits="0"/><line number="1262" hits="0"/><line number="1265" hits="0"/><line number="1266" hits="0"/><line number="1267" hits="0"/><line number="1268" hits="0"/><line number="1269" hits="0"/><line number="1270" hits="0"/><line number="1272" hits="0"/><line number="1273" hits="0"/><line number="1274" hits="0"/><line number="1276" hits="0"/><line number="1279" hits="0"/><line number="1280" hits="0"/><line number="1281" hits="0"/><line number="1282" hits="0"/><line number="1284" hits="0"/><line number="1285" hits="0"/><line number="1286" hits="0"/><line number="1287" hits="0"/><line number="1290" hits="0"/><line number="1291" hits="0"/><line number="1292" hits="0"/><line number="1296" hits="0"/><line number="1297" hits="0"/><line number="1298" hits="0"/><line number="1299" hits="0"/><line number="1302" hits="0"/><line number="1306" hits="0"/><line number="1307" hits="0"/><line number="1308" hits="0"/><line number="1309" hits="0"/><line number="1310" hits="0"/><line number="1311" hits="0"/><line number="1313" hits="0"/><line number="1318" hits="0"/><line number="1319" hits="0"/><line number="1320" hits="0"/><line number="1321" hits="0"/><line number="1323" hits="0"/></lines></class><class name="sync_tests" filename="src/tui/screens/sync_tests.rs" line-rate="1" branch-rate="0" complexity="0"><methods/><lines><line number="8" hits="3"/><line number="9" hits="9"/><line number="10" hits="15"/><line number="11" hits="3"/><line number="12" hits="9"/><line number="13" hits="3"/></lines></class><class name="workspaces" filename="src/tui/screens/workspaces.rs" line-rate="0.10699588477366255" branch-rate="0" complexity="0"><methods/><lines><line number="32" hits="20"/><line number="33" hits="30"/><line number="34" hits="20"/><line number="36" hits="0"/><line number="37" hits="1"/><line number="38" hits="1"/><line number="40" hits="1"/><line number="41" hits="1"/><line number="44" hits="0"/><line number="45" hits="0"/><line number="46" hits="0"/><line number="51" hits="2"/><line number="53" hits="0"/><line number="56" hits="0"/><line number="58" hits="0"/><line number="61" hits="5"/><line number="62" hits="2"/><line number="63" hits="1"/><line number="64" hits="1"/><line number="66" hits="0"/><line number="67" hits="0"/><line number="68" hits="0"/><line number="69" hits="0"/><line number="72" hits="2"/><line number="74" hits="4"/><line number="75" hits="2"/><line number="76" hits="1"/><line number="79" hits="0"/><line number="80" hits="0"/><line number="81" hits="0"/><line number="82" hits="0"/><line number="83" hits="0"/><line number="86" hits="6"/><line number="87" hits="4"/><line number="88" hits="2"/><line number="89" hits="2"/><line number="93" hits="0"/><line number="94" hits="0"/><line number="95" hits="0"/><line number="96" hits="0"/><line number="97" hits="0"/><line number="99" hits="2"/><line number="101" hits="3"/><line number="102" hits="3"/><line number="103" hits="3"/><line number="104" hits="2"/><line number="106" hits="1"/><line number="108" hits="0"/><line number="109" hits="0"/><line number="110" hits="0"/><line number="111" hits="0"/><line number="112" hits="0"/><line number="113" hits="0"/><line number="114" hits="0"/><line number="115" hits="0"/><line number="118" hits="0"/><line number="119" hits="0"/><line number="120" hits="0"/><line number="127" hits="2"/><line number="129" hits="4"/><line number="130" hits="4"/><line number="131" hits="1"/><line number="134" hits="2"/><line number="139" hits="0"/><line number="140" hits="0"/><line number="160" hits="1"/><line number="161" hits="3"/><line number="165" hits="4"/><line number="166" hits="12"/><line number="171" hits="0"/><line number="172" hits="0"/><line number="173" hits="0"/><line number="174" hits="0"/><line number="175" hits="0"/><line number="176" hits="0"/><line number="178" hits="0"/><line number="180" hits="0"/><line number="183" hits="0"/><line number="185" hits="0"/><line number="186" hits="0"/><line number="187" hits="0"/><line number="190" hits="0"/><line number="191" hits="0"/><line number="192" hits="0"/><line number="195" hits="0"/><line number="198" hits="0"/><line number="199" hits="0"/><line number="201" hits="0"/><line number="203" hits="0"/><line number="204" hits="0"/><line number="205" hits="0"/><line number="208" hits="0"/><line number="211" hits="0"/><line number="214" hits="0"/><line number="215" hits="0"/><line number="216" hits="0"/><line number="218" hits="0"/><line number="219" hits="0"/><line number="220" hits="0"/><line number="221" hits="0"/><line number="225" hits="0"/><line number="226" hits="0"/><line number="229" hits="0"/><line number="230" hits="0"/><line number="231" hits="0"/><line number="232" hits="0"/><line number="234" hits="0"/><line number="236" hits="0"/><line number="237" hits="0"/><line number="239" hits="0"/><line number="240" hits="0"/><line number="242" hits="0"/><line number="243" hits="0"/><line number="245" hits="0"/><line number="247" hits="0"/><line number="248" hits="0"/><line number="249" hits="0"/><line number="250" hits="0"/><line number="253" hits="0"/><line number="256" hits="0"/><line number="257" hits="0"/><line number="258" hits="0"/><line number="261" hits="0"/><line number="262" hits="0"/><line number="263" hits="0"/><line number="264" hits="0"/><line number="265" hits="0"/><line number="266" hits="0"/><line number="269" hits="0"/><line number="270" hits="0"/><line number="271" hits="0"/><line number="272" hits="0"/><line number="276" hits="0"/><line number="280" hits="0"/><line number="281" hits="0"/><line number="285" hits="0"/><line number="286" hits="0"/><line number="288" hits="0"/><line number="289" hits="0"/><line number="290" hits="0"/><line number="291" hits="0"/><line number="294" hits="0"/><line number="296" hits="0"/><line number="297" hits="0"/><line number="298" hits="0"/><line number="301" hits="0"/><line number="302" hits="0"/><line number="303" hits="0"/><line number="304" hits="0"/><line number="306" hits="0"/><line number="309" hits="0"/><line number="310" hits="0"/><line number="311" hits="0"/><line number="312" hits="0"/><line number="313" hits="0"/><line number="314" hits="0"/><line number="315" hits="0"/><line number="316" hits="0"/><line number="317" hits="0"/><line number="319" hits="0"/><line number="321" hits="0"/><line number="322" hits="0"/><line number="323" hits="0"/><line number="325" hits="0"/><line number="328" hits="0"/><line number="329" hits="0"/><line number="331" hits="0"/><line number="334" hits="0"/><line number="336" hits="0"/><line number="341" hits="0"/><line number="345" hits="0"/><line number="346" hits="0"/><line number="348" hits="0"/><line number="351" hits="0"/><line number="352" hits="0"/><line number="353" hits="0"/><line number="354" hits="0"/><line number="355" hits="0"/><line number="357" hits="0"/><line number="358" hits="0"/><line number="359" hits="0"/><line number="360" hits="0"/><line number="362" hits="0"/><line number="363" hits="0"/><line number="365" hits="0"/><line number="366" hits="0"/><line number="368" hits="0"/><line number="369" hits="0"/><line number="371" hits="0"/><line number="372" hits="0"/><line number="375" hits="0"/><line number="376" hits="0"/><line number="377" hits="0"/><line number="378" hits="0"/><line number="379" hits="0"/><line number="381" hits="0"/><line number="384" hits="0"/><line number="385" hits="0"/><line number="386" hits="0"/><line number="387" hits="0"/><line number="388" hits="0"/><line number="389" hits="0"/><line number="390" hits="0"/><line number="391" hits="0"/><line number="393" hits="0"/><line number="394" hits="0"/><line number="395" hits="0"/><line number="396" hits="0"/><line number="397" hits="0"/><line number="398" hits="0"/><line number="400" hits="0"/><line number="402" hits="0"/><line number="403" hits="0"/><line number="404" hits="0"/><line number="406" hits="0"/><line number="407" hits="0"/><line number="408" hits="0"/><line number="411" hits="0"/><line number="412" hits="0"/><line number="413" hits="0"/><line number="414" hits="0"/><line number="415" hits="0"/><line number="416" hits="0"/><line number="417" hits="0"/><line number="418" hits="0"/><line number="419" hits="0"/><line number="420" hits="0"/><line number="421" hits="0"/><line number="423" hits="0"/><line number="424" hits="0"/><line number="425" hits="0"/><line number="426" hits="0"/><line number="427" hits="0"/><line number="428" hits="0"/><line number="429" hits="0"/><line number="430" hits="0"/><line number="432" hits="0"/><line number="433" hits="0"/><line number="434" hits="0"/><line number="435" hits="0"/><line number="436" hits="0"/><line number="437" hits="0"/><line number="438" hits="0"/><line number="439" hits="0"/><line number="441" hits="0"/><line number="442" hits="0"/><line number="443" hits="0"/><line number="446" hits="0"/><line number="447" hits="0"/><line number="448" hits="0"/><line number="449" hits="0"/><line number="450" hits="0"/><line number="451" hits="0"/><line number="453" hits="0"/><line number="454" hits="0"/><line number="455" hits="0"/><line number="457" hits="0"/><line number="458" hits="0"/><line number="459" hits="0"/><line number="461" hits="0"/><line number="462" hits="0"/><line number="463" hits="0"/><line number="464" hits="0"/><line number="468" hits="0"/><line number="469" hits="0"/><line number="470" hits="0"/><line number="471" hits="0"/><line number="472" hits="0"/><line number="473" hits="0"/><line number="475" hits="0"/><line number="476" hits="0"/><line number="477" hits="0"/><line number="478" hits="0"/><line number="479" hits="0"/><line number="481" hits="0"/><line number="482" hits="0"/><line number="483" hits="0"/><line number="484" hits="0"/><line number="490" hits="0"/><line number="491" hits="0"/><line number="492" hits="0"/><line number="493" hits="0"/><line number="494" hits="0"/><line number="495" hits="0"/><line number="496" hits="0"/><line number="497" hits="0"/><line number="498" hits="0"/><line number="499" hits="0"/><line number="501" hits="0"/><line number="502" hits="0"/><line number="503" hits="0"/><line number="504" hits="0"/><line number="505" hits="0"/><line number="508" hits="0"/><line number="509" hits="0"/><line number="510" hits="0"/><line number="511" hits="0"/><line number="516" hits="0"/><line number="517" hits="0"/><line number="518" hits="0"/><line number="519" hits="0"/><line number="520" hits="0"/><line number="521" hits="0"/><line number="522" hits="0"/><line number="523" hits="0"/><line number="527" hits="0"/><line number="529" hits="0"/><line number="530" hits="0"/><line number="531" hits="0"/><line number="533" hits="0"/><line number="534" hits="0"/><line number="537" hits="0"/><line number="538" hits="0"/><line number="539" hits="0"/><line number="540" hits="0"/><line number="544" hits="0"/><line number="553" hits="0"/><line number="554" hits="0"/><line number="555" hits="0"/><line number="556" hits="0"/><line number="557" hits="0"/><line number="560" hits="0"/><line number="561" hits="0"/><line number="562" hits="0"/><line number="563" hits="0"/><line number="564" hits="0"/><line number="566" hits="0"/><line number="567" hits="0"/><line number="568" hits="0"/><line number="569" hits="0"/><line number="572" hits="0"/><line number="575" hits="0"/><line number="584" hits="0"/><line number="585" hits="0"/><line number="586" hits="0"/><line number="587" hits="0"/><line number="588" hits="0"/><line number="589" hits="0"/><line number="591" hits="0"/><line number="592" hits="0"/><line number="593" hits="0"/><line number="594" hits="0"/><line number="595" hits="0"/><line number="596" hits="0"/><line number="600" hits="0"/><line number="601" hits="0"/><line number="602" hits="0"/><line number="605" hits="0"/><line number="606" hits="0"/><line number="607" hits="0"/><line number="608" hits="0"/><line number="609" hits="0"/><line number="610" hits="0"/><line number="611" hits="0"/><line number="612" hits="0"/><line number="613" hits="0"/><line number="614" hits="0"/><line number="615" hits="0"/><line number="616" hits="0"/><line number="618" hits="0"/><line number="620" hits="0"/><line number="622" hits="0"/><line number="626" hits="0"/><line number="627" hits="0"/><line number="628" hits="0"/><line number="629" hits="0"/><line number="632" hits="2"/><line number="633" hits="4"/><line number="634" hits="3"/><line number="637" hits="2"/><line number="638" hits="2"/><line number="640" hits="5"/><line number="641" hits="8"/><line number="642" hits="3"/><line number="643" hits="1"/><line number="646" hits="7"/><line number="647" hits="4"/><line number="648" hits="2"/><line number="650" hits="8"/><line number="651" hits="4"/><line number="655" hits="2"/><line number="656" hits="2"/><line number="659" hits="1"/><line number="662" hits="0"/><line number="663" hits="0"/><line number="664" hits="0"/><line number="665" hits="0"/><line number="666" hits="0"/><line number="667" hits="0"/><line number="668" hits="0"/><line number="669" hits="0"/><line number="671" hits="0"/><line number="672" hits="0"/><line number="673" hits="0"/><line number="674" hits="0"/><line number="675" hits="0"/><line number="676" hits="0"/><line number="677" hits="0"/><line number="678" hits="0"/><line number="679" hits="0"/><line number="680" hits="0"/><line number="682" hits="0"/><line number="683" hits="0"/><line number="685" hits="0"/><line number="687" hits="0"/><line number="688" hits="0"/><line number="689" hits="0"/><line number="690" hits="0"/><line number="692" hits="0"/><line number="694" hits="0"/><line number="696" hits="0"/><line number="698" hits="0"/><line number="700" hits="0"/><line number="704" hits="0"/><line number="705" hits="0"/><line number="706" hits="0"/><line number="707" hits="0"/><line number="709" hits="0"/><line number="712" hits="0"/><line number="713" hits="0"/><line number="714" hits="0"/><line number="715" hits="0"/><line number="717" hits="0"/><line number="719" hits="0"/><line number="720" hits="0"/><line number="721" hits="0"/><line number="722" hits="0"/><line number="725" hits="0"/><line number="728" hits="0"/><line number="729" hits="0"/><line number="731" hits="0"/><line number="732" hits="0"/><line number="733" hits="0"/><line number="734" hits="0"/><line number="735" hits="0"/><line number="736" hits="0"/><line number="737" hits="0"/><line number="740" hits="0"/><line number="741" hits="0"/><line number="742" hits="0"/><line number="744" hits="0"/><line number="745" hits="0"/><line number="746" hits="0"/><line number="747" hits="0"/><line number="748" hits="0"/><line number="749" hits="0"/><line number="750" hits="0"/><line number="751" hits="0"/><line number="752" hits="0"/><line number="753" hits="0"/><line number="754" hits="0"/><line number="755" hits="0"/><line number="756" hits="0"/><line number="757" hits="0"/><line number="759" hits="0"/><line number="760" hits="0"/><line number="761" hits="0"/><line number="762" hits="0"/><line number="763" hits="0"/><line number="764" hits="0"/><line number="765" hits="0"/><line number="766" hits="0"/><line number="767" hits="0"/><line number="768" hits="0"/><line number="769" hits="0"/><line number="770" hits="0"/><line number="771" hits="0"/><line number="772" hits="0"/><line number="773" hits="0"/><line number="776" hits="0"/><line number="777" hits="0"/><line number="778" hits="0"/><line number="779" hits="0"/><line number="780" hits="0"/><line number="781" hits="0"/><line number="782" hits="0"/><line number="783" hits="0"/><line number="784" hits="0"/><line number="785" hits="0"/><line number="786" hits="0"/><line number="787" hits="0"/><line number="791" hits="0"/><line number="792" hits="0"/><line number="793" hits="0"/><line number="794" hits="0"/><line number="795" hits="0"/></lines></class><class name="workspaces_tests" filename="src/tui/screens/workspaces_tests.rs" line-rate="1" branch-rate="0" complexity="0"><methods/><lines><line number="25" hits="5"/><line number="27" hits="10"/><line number="31" hits="15"/><line number="32" hits="30"/><line number="33" hits="5"/><line number="34" hits="5"/><line number="35" hits="10"/><line number="36" hits="5"/></lines></class></classes></package></packages></coverage>